running develop
running egg_info
creating mi_bot.egg-info
writing mi_bot.egg-info/PKG-INFO
writing dependency_links to mi_bot.egg-info/dependency_links.txt
writing entry points to mi_bot.egg-info/entry_points.txt
writing requirements to mi_bot.egg-info/requires.txt
writing top-level names to mi_bot.egg-info/top_level.txt
writing manifest file 'mi_bot.egg-info/SOURCES.txt'
reading manifest file 'mi_bot.egg-info/SOURCES.txt'
writing manifest file 'mi_bot.egg-info/SOURCES.txt'
running build_ext
Creating /home/edu/robot_educativo_ws/install/mi_bot/lib/python3.10/site-packages/mi-bot.egg-link (link to .)

Installed /home/edu/robot_educativo_ws/build/mi_bot
running symlink_data
creating /home/edu/robot_educativo_ws/install/mi_bot/share/ament_index
creating /home/edu/robot_educativo_ws/install/mi_bot/share/ament_index/resource_index
creating /home/edu/robot_educativo_ws/install/mi_bot/share/ament_index/resource_index/packages
symbolically linking /home/edu/robot_educativo_ws/build/mi_bot/resource/mi_bot -> /home/edu/robot_educativo_ws/install/mi_bot/share/ament_index/resource_index/packages
symbolically linking /home/edu/robot_educativo_ws/build/mi_bot/package.xml -> /home/edu/robot_educativo_ws/install/mi_bot/share/mi_bot
creating /home/edu/robot_educativo_ws/install/mi_bot/share/mi_bot/launch
symbolically linking /home/edu/robot_educativo_ws/build/mi_bot/launch/sim.launch.py -> /home/edu/robot_educativo_ws/install/mi_bot/share/mi_bot/launch
creating /home/edu/robot_educativo_ws/install/mi_bot/share/mi_bot/urdf
symbolically linking /home/edu/robot_educativo_ws/build/mi_bot/urdf/robot.urdf -> /home/edu/robot_educativo_ws/install/mi_bot/share/mi_bot/urdf
